<?xml version="1.0" encoding="UTF-8" standalone="yes"?><!DOCTYPE report PUBLIC "-//JACOCO//DTD Report 1.1//EN" "report.dtd"><report name="wordgraph"><sessioninfo id="DESKTOP-5VUA7H8-1dda1292" start="1776889122281" dump="1776889123285"/><sessioninfo id="DESKTOP-5VUA7H8-1529551e" start="1776944033990" dump="1776944035749"/><sessioninfo id="DESKTOP-5VUA7H8-526407ec" start="1776945090772" dump="1776945091693"/><sessioninfo id="DESKTOP-5VUA7H8-b8756dcb" start="1776945700076" dump="1776945700911"/><sessioninfo id="DESKTOP-5VUA7H8-edd17227" start="1777204689923" dump="1777204700110"/><sessioninfo id="DESKTOP-5VUA7H8-25fe95bc" start="1777205263348" dump="1777205267292"/><sessioninfo id="DESKTOP-5VUA7H8-7f73f57d" start="1777209532757" dump="1777209536600"/><sessioninfo id="DESKTOP-5VUA7H8-c8e19f9d" start="1777209888313" dump="1777209892362"/><sessioninfo id="DESKTOP-5VUA7H8-41f93ec1" start="1777215039508" dump="1777215041271"/><sessioninfo id="DESKTOP-5VUA7H8-4fee5d96" start="1777218654277" dump="1777218656405"/><sessioninfo id="DESKTOP-5VUA7H8-9d8dc55f" start="1777223938079" dump="1777223942185"/><package name=""><class name="Main" sourcefilename="Main.java"><method name="&lt;clinit&gt;" desc="()V" line="41"><counter type="INSTRUCTION" missed="0" covered="25"/><counter type="LINE" missed="0" covered="8"/><counter type="COMPLEXITY" missed="0" covered="1"/><counter type="METHOD" missed="0" covered="1"/></method><method name="&lt;init&gt;" desc="()V" line="38"><counter type="INSTRUCTION" missed="3" covered="0"/><counter type="LINE" missed="1" covered="0"/><counter type="COMPLEXITY" missed="1" covered="0"/><counter type="METHOD" missed="1" covered="0"/></method><method name="main" desc="([Ljava/lang/String;)V" line="51"><counter type="INSTRUCTION" missed="343" covered="0"/><counter type="BRANCH" missed="36" covered="0"/><counter type="LINE" missed="91" covered="0"/><counter type="COMPLEXITY" missed="22" covered="0"/><counter type="METHOD" missed="1" covered="0"/></method><method name="buildGraph" desc="(Ljava/lang/String;)Z" line="180"><counter type="INSTRUCTION" missed="179" covered="0"/><counter type="BRANCH" missed="24" covered="0"/><counter type="LINE" missed="29" covered="0"/><counter type="COMPLEXITY" missed="13" covered="0"/><counter type="METHOD" missed="1" covered="0"/></method><method name="showDirectedGraph" desc="(Ljava/util/Map;)V" line="234"><counter type="INSTRUCTION" missed="267" covered="0"/><counter type="BRANCH" missed="14" covered="0"/><counter type="LINE" missed="41" covered="0"/><counter type="COMPLEXITY" missed="8" covered="0"/><counter type="METHOD" missed="1" covered="0"/></method><method name="runDot" desc="(Ljava/lang/String;Ljava/lang/String;)V" line="297"><counter type="INSTRUCTION" missed="60" covered="112"/><counter type="BRANCH" missed="8" covered="8"/><counter type="LINE" missed="10" covered="17"/><counter type="COMPLEXITY" missed="7" covered="2"/><counter type="METHOD" missed="0" covered="1"/></method><method name="queryBridgeWords" desc="(Ljava/lang/String;Ljava/lang/String;)Ljava/lang/String;" line="341"><counter type="INSTRUCTION" missed="0" covered="190"/><counter type="BRANCH" missed="0" covered="20"/><counter type="LINE" missed="0" covered="28"/><counter type="COMPLEXITY" missed="0" covered="11"/><counter type="METHOD" missed="0" covered="1"/></method><method name="generateNewText" desc="(Ljava/lang/String;)Ljava/lang/String;" line="395"><counter type="INSTRUCTION" missed="82" covered="0"/><counter type="BRANCH" missed="6" covered="0"/><counter type="LINE" missed="14" covered="0"/><counter type="COMPLEXITY" missed="4" covered="0"/><counter type="METHOD" missed="1" covered="0"/></method><method name="getBridgeWordsList" desc="(Ljava/lang/String;Ljava/lang/String;)Ljava/util/List;" line="424"><counter type="INSTRUCTION" missed="50" covered="0"/><counter type="BRANCH" missed="12" covered="0"/><counter type="LINE" missed="10" covered="0"/><counter type="COMPLEXITY" missed="7" covered="0"/><counter type="METHOD" missed="1" covered="0"/></method><method name="calcShortestPath" desc="(Ljava/lang/String;Ljava/lang/String;)Ljava/lang/String;" line="446"><counter type="INSTRUCTION" missed="0" covered="276"/><counter type="BRANCH" missed="0" covered="26"/><counter type="LINE" missed="0" covered="45"/><counter type="COMPLEXITY" missed="0" covered="14"/><counter type="METHOD" missed="0" covered="1"/></method><method name="calcShortestPathList" desc="(Ljava/lang/String;Ljava/lang/String;)Ljava/util/List;" line="522"><counter type="INSTRUCTION" missed="6" covered="195"/><counter type="BRANCH" missed="6" covered="16"/><counter type="LINE" missed="2" covered="36"/><counter type="COMPLEXITY" missed="6" covered="6"/><counter type="METHOD" missed="0" covered="1"/></method><method name="generatePathGraph" desc="(Ljava/util/List;)V" line="583"><counter type="INSTRUCTION" missed="11" covered="251"/><counter type="BRANCH" missed="0" covered="10"/><counter type="LINE" missed="1" covered="38"/><counter type="COMPLEXITY" missed="0" covered="6"/><counter type="METHOD" missed="0" covered="1"/></method><method name="calPageRank" desc="(Ljava/lang/String;)Ljava/lang/Double;" line="641"><counter type="INSTRUCTION" missed="266" covered="0"/><counter type="BRANCH" missed="24" covered="0"/><counter type="LINE" missed="41" covered="0"/><counter type="COMPLEXITY" missed="13" covered="0"/><counter type="METHOD" missed="1" covered="0"/></method><method name="randomWalkInit" desc="()Ljava/lang/String;" line="727"><counter type="INSTRUCTION" missed="37" covered="0"/><counter type="BRANCH" missed="2" covered="0"/><counter type="LINE" missed="12" covered="0"/><counter type="COMPLEXITY" missed="2" covered="0"/><counter type="METHOD" missed="1" covered="0"/></method><method name="randomWalkStep" desc="()Ljava/lang/String;" line="747"><counter type="INSTRUCTION" missed="89" covered="0"/><counter type="BRANCH" missed="10" covered="0"/><counter type="LINE" missed="18" covered="0"/><counter type="COMPLEXITY" missed="6" covered="0"/><counter type="METHOD" missed="1" covered="0"/></method><method name="randomWalk" desc="()Ljava/lang/String;" line="779"><counter type="INSTRUCTION" missed="40" covered="0"/><counter type="BRANCH" missed="6" covered="0"/><counter type="LINE" missed="12" covered="0"/><counter type="COMPLEXITY" missed="4" covered="0"/><counter type="METHOD" missed="1" covered="0"/></method><method name="isWalkFinished" desc="()Z" line="806"><counter type="INSTRUCTION" missed="2" covered="0"/><counter type="LINE" missed="1" covered="0"/><counter type="COMPLEXITY" missed="1" covered="0"/><counter type="METHOD" missed="1" covered="0"/></method><method name="getWalkStopReason" desc="()Ljava/lang/String;" line="815"><counter type="INSTRUCTION" missed="2" covered="0"/><counter type="LINE" missed="1" covered="0"/><counter type="COMPLEXITY" missed="1" covered="0"/><counter type="METHOD" missed="1" covered="0"/></method><method name="setGraphForTest" desc="(Ljava/util/Map;)V" line="824"><counter type="INSTRUCTION" missed="0" covered="6"/><counter type="LINE" missed="0" covered="2"/><counter type="COMPLEXITY" missed="0" covered="1"/><counter type="METHOD" missed="0" covered="1"/></method><method name="lambda$0" desc="(Ljava/util/Map$Entry;Ljava/util/Map$Entry;)I" line="129"><counter type="INSTRUCTION" missed="10" covered="0"/><counter type="LINE" missed="1" covered="0"/><counter type="COMPLEXITY" missed="1" covered="0"/><counter type="METHOD" missed="1" covered="0"/></method><method name="lambda$1" desc="(Ljava/util/Map$Entry;)V" line="130"><counter type="INSTRUCTION" missed="16" covered="0"/><counter type="LINE" missed="1" covered="0"/><counter type="COMPLEXITY" missed="1" covered="0"/><counter type="METHOD" missed="1" covered="0"/></method><method name="lambda$3" desc="([Ljava/lang/String;[Ljava/lang/String;)I" line="464"><counter type="INSTRUCTION" missed="0" covered="10"/><counter type="LINE" missed="0" covered="1"/><counter type="COMPLEXITY" missed="0" covered="1"/><counter type="METHOD" missed="0" covered="1"/></method><method name="lambda$4" desc="([Ljava/lang/String;[Ljava/lang/String;)I" line="533"><counter type="INSTRUCTION" missed="0" covered="10"/><counter type="LINE" missed="0" covered="1"/><counter type="COMPLEXITY" missed="0" covered="1"/><counter type="METHOD" missed="0" covered="1"/></method><counter type="INSTRUCTION" missed="1463" covered="1075"/><counter type="BRANCH" missed="148" covered="80"/><counter type="LINE" missed="284" covered="176"/><counter type="COMPLEXITY" missed="97" covered="43"/><counter type="METHOD" missed="14" covered="9"/><counter type="CLASS" missed="0" covered="1"/></class><sourcefile name="Main.java"><line nr="38" mi="3" ci="0" mb="0" cb="0"/><line nr="41" mi="0" ci="4" mb="0" cb="0"/><line nr="42" mi="0" ci="4" mb="0" cb="0"/><line nr="43" mi="0" ci="2" mb="0" cb="0"/><line nr="51" mi="11" ci="0" mb="0" cb="0"/><line nr="54" mi="3" ci="0" mb="2" cb="0"/><line nr="55" mi="4" ci="0" mb="0" cb="0"/><line nr="56" mi="1" ci="0" mb="0" cb="0"/><line nr="57" mi="3" ci="0" mb="0" cb="0"/><line nr="58" mi="4" ci="0" mb="0" cb="0"/><line nr="62" mi="3" ci="0" mb="2" cb="0"/><line nr="63" mi="3" ci="0" mb="0" cb="0"/><line nr="64" mi="1" ci="0" mb="0" cb="0"/><line nr="66" mi="10" ci="0" mb="0" cb="0"/><line nr="69" mi="1" ci="0" mb="0" cb="0"/><line nr="70" mi="3" ci="0" mb="0" cb="0"/><line nr="71" mi="3" ci="0" mb="0" cb="0"/><line nr="72" mi="3" ci="0" mb="0" cb="0"/><line nr="73" mi="3" ci="0" mb="0" cb="0"/><line nr="74" mi="3" ci="0" mb="0" cb="0"/><line nr="75" mi="3" ci="0" mb="0" cb="0"/><line nr="76" mi="3" ci="0" mb="0" cb="0"/><line nr="77" mi="3" ci="0" mb="0" cb="0"/><line nr="78" mi="3" ci="0" mb="0" cb="0"/><line nr="80" mi="4" ci="0" mb="0" cb="0"/><line nr="81" mi="5" ci="0" mb="8" cb="0"/><line nr="83" mi="2" ci="0" mb="0" cb="0"/><line nr="84" mi="1" ci="0" mb="0" cb="0"/><line nr="86" mi="3" ci="0" mb="0" cb="0"/><line nr="87" mi="4" ci="0" mb="0" cb="0"/><line nr="88" mi="3" ci="0" mb="0" cb="0"/><line nr="89" mi="4" ci="0" mb="0" cb="0"/><line nr="90" mi="5" ci="0" mb="0" cb="0"/><line nr="91" mi="1" ci="0" mb="0" cb="0"/><line nr="93" mi="3" ci="0" mb="0" cb="0"/><line nr="94" mi="4" ci="0" mb="0" cb="0"/><line nr="95" mi="10" ci="0" mb="0" cb="0"/><line nr="96" mi="1" ci="0" mb="0" cb="0"/><line nr="98" mi="3" ci="0" mb="0" cb="0"/><line nr="99" mi="4" ci="0" mb="0" cb="0"/><line nr="100" mi="3" ci="0" mb="0" cb="0"/><line nr="101" mi="4" ci="0" mb="0" cb="0"/><line nr="102" mi="3" ci="0" mb="2" cb="0"/><line nr="103" mi="3" ci="0" mb="0" cb="0"/><line nr="104" mi="4" ci="0" mb="2" cb="0"/><line nr="105" mi="11" ci="0" mb="0" cb="0"/><line nr="106" mi="1" ci="0" mb="0" cb="0"/><line nr="107" mi="2" ci="0" mb="0" cb="0"/><line nr="108" mi="12" ci="0" mb="2" cb="0"/><line nr="109" mi="4" ci="0" mb="2" cb="0"/><line nr="110" mi="5" ci="0" mb="0" cb="0"/><line nr="113" mi="2" ci="0" mb="0" cb="0"/><line nr="115" mi="1" ci="0" mb="0" cb="0"/><line nr="116" mi="5" ci="0" mb="0" cb="0"/><line nr="118" mi="1" ci="0" mb="0" cb="0"/><line nr="120" mi="3" ci="0" mb="0" cb="0"/><line nr="121" mi="4" ci="0" mb="0" cb="0"/><line nr="122" mi="4" ci="0" mb="2" cb="0"/><line nr="124" mi="4" ci="0" mb="0" cb="0"/><line nr="125" mi="12" ci="0" mb="2" cb="0"/><line nr="126" mi="6" ci="0" mb="0" cb="0"/><line nr="128" mi="3" ci="0" mb="0" cb="0"/><line nr="129" mi="12" ci="0" mb="0" cb="0"/><line nr="130" mi="18" ci="0" mb="0" cb="0"/><line nr="131" mi="1" ci="0" mb="0" cb="0"/><line nr="132" mi="3" ci="0" mb="0" cb="0"/><line nr="133" mi="2" ci="0" mb="2" cb="0"/><line nr="134" mi="15" ci="0" mb="0" cb="0"/><line nr="135" mi="1" ci="0" mb="0" cb="0"/><line nr="136" mi="11" ci="0" mb="0" cb="0"/><line nr="139" mi="1" ci="0" mb="0" cb="0"/><line nr="141" mi="3" ci="0" mb="0" cb="0"/><line nr="142" mi="2" ci="0" mb="0" cb="0"/><line nr="143" mi="2" ci="0" mb="2" cb="0"/><line nr="144" mi="3" ci="0" mb="0" cb="0"/><line nr="145" mi="1" ci="0" mb="0" cb="0"/><line nr="146" mi="3" ci="0" mb="0" cb="0"/><line nr="147" mi="3" ci="0" mb="2" cb="0"/><line nr="148" mi="3" ci="0" mb="0" cb="0"/><line nr="149" mi="4" ci="0" mb="0" cb="0"/><line nr="150" mi="4" ci="0" mb="2" cb="0"/><line nr="151" mi="3" ci="0" mb="0" cb="0"/><line nr="152" mi="1" ci="0" mb="0" cb="0"/><line nr="154" mi="2" ci="0" mb="0" cb="0"/><line nr="155" mi="2" ci="0" mb="2" cb="0"/><line nr="156" mi="9" ci="0" mb="0" cb="0"/><line nr="158" mi="2" ci="0" mb="2" cb="0"/><line nr="159" mi="11" ci="0" mb="0" cb="0"/><line nr="162" mi="2" ci="0" mb="0" cb="0"/><line nr="163" mi="9" ci="0" mb="0" cb="0"/><line nr="164" mi="3" ci="0" mb="0" cb="0"/><line nr="166" mi="1" ci="0" mb="0" cb="0"/><line nr="168" mi="3" ci="0" mb="0" cb="0"/><line nr="169" mi="1" ci="0" mb="0" cb="0"/><line nr="171" mi="3" ci="0" mb="0" cb="0"/><line nr="180" mi="4" ci="0" mb="0" cb="0"/><line nr="181" mi="12" ci="0" mb="0" cb="0"/><line nr="183" mi="6" ci="0" mb="2" cb="0"/><line nr="184" mi="6" ci="0" mb="0" cb="0"/><line nr="186" mi="2" ci="0" mb="0" cb="0"/><line nr="189" mi="4" ci="0" mb="0" cb="0"/><line nr="190" mi="4" ci="0" mb="0" cb="0"/><line nr="191" mi="17" ci="0" mb="2" cb="0"/><line nr="192" mi="6" ci="0" mb="4" cb="0"/><line nr="193" mi="4" ci="0" mb="0" cb="0"/><line nr="194" mi="1" ci="0" mb="0" cb="0"/><line nr="195" mi="4" ci="0" mb="0" cb="0"/><line nr="200" mi="6" ci="0" mb="0" cb="0"/><line nr="201" mi="12" ci="0" mb="6" cb="0"/><line nr="202" mi="3" ci="0" mb="0" cb="0"/><line nr="203" mi="2" ci="0" mb="0" cb="0"/><line nr="207" mi="2" ci="0" mb="0" cb="0"/><line nr="208" mi="16" ci="0" mb="2" cb="0"/><line nr="209" mi="3" ci="0" mb="2" cb="0"/><line nr="210" mi="7" ci="0" mb="0" cb="0"/><line nr="214" mi="10" ci="0" mb="2" cb="0"/><line nr="215" mi="13" ci="0" mb="4" cb="0"/><line nr="216" mi="4" ci="0" mb="0" cb="0"/><line nr="217" mi="6" ci="0" mb="0" cb="0"/><line nr="218" mi="10" ci="0" mb="0" cb="0"/><line nr="221" mi="2" ci="0" mb="0" cb="0"/><line nr="222" mi="1" ci="0" mb="0" cb="0"/><line nr="223" mi="10" ci="0" mb="0" cb="0"/><line nr="224" mi="2" ci="0" mb="0" cb="0"/><line nr="234" mi="4" ci="0" mb="0" cb="0"/><line nr="235" mi="4" ci="0" mb="0" cb="0"/><line nr="236" mi="12" ci="0" mb="2" cb="0"/><line nr="237" mi="4" ci="0" mb="0" cb="0"/><line nr="238" mi="4" ci="0" mb="0" cb="0"/><line nr="239" mi="12" ci="0" mb="2" cb="0"/><line nr="240" mi="21" ci="0" mb="0" cb="0"/><line nr="243" mi="4" ci="0" mb="0" cb="0"/><line nr="244" mi="4" ci="0" mb="0" cb="0"/><line nr="245" mi="12" ci="0" mb="2" cb="0"/><line nr="246" mi="11" ci="0" mb="2" cb="0"/><line nr="248" mi="11" ci="0" mb="2" cb="0"/><line nr="249" mi="3" ci="0" mb="0" cb="0"/><line nr="253" mi="4" ci="0" mb="0" cb="0"/><line nr="254" mi="4" ci="0" mb="0" cb="0"/><line nr="255" mi="4" ci="0" mb="0" cb="0"/><line nr="256" mi="4" ci="0" mb="0" cb="0"/><line nr="257" mi="4" ci="0" mb="0" cb="0"/><line nr="258" mi="4" ci="0" mb="0" cb="0"/><line nr="259" mi="4" ci="0" mb="0" cb="0"/><line nr="260" mi="4" ci="0" mb="0" cb="0"/><line nr="261" mi="4" ci="0" mb="0" cb="0"/><line nr="262" mi="4" ci="0" mb="0" cb="0"/><line nr="263" mi="12" ci="0" mb="2" cb="0"/><line nr="264" mi="4" ci="0" mb="0" cb="0"/><line nr="265" mi="14" ci="0" mb="2" cb="0"/><line nr="266" mi="5" ci="0" mb="0" cb="0"/><line nr="268" mi="9" ci="0" mb="0" cb="0"/><line nr="269" mi="9" ci="0" mb="0" cb="0"/><line nr="270" mi="17" ci="0" mb="0" cb="0"/><line nr="273" mi="4" ci="0" mb="0" cb="0"/><line nr="276" mi="2" ci="0" mb="0" cb="0"/><line nr="277" mi="2" ci="0" mb="0" cb="0"/><line nr="278" mi="12" ci="0" mb="0" cb="0"/><line nr="279" mi="4" ci="0" mb="0" cb="0"/><line nr="280" mi="2" ci="0" mb="0" cb="0"/><line nr="281" mi="9" ci="0" mb="0" cb="0"/><line nr="284" mi="3" ci="0" mb="0" cb="0"/><line nr="285" mi="2" ci="0" mb="0" cb="0"/><line nr="286" mi="10" ci="0" mb="0" cb="0"/><line nr="288" mi="1" ci="0" mb="0" cb="0"/><line nr="297" mi="0" ci="2" mb="0" cb="0"/><line nr="298" mi="0" ci="16" mb="0" cb="0"/><line nr="300" mi="0" ci="6" mb="1" cb="1"/><line nr="301" mi="0" ci="7" mb="0" cb="2"/><line nr="302" mi="3" ci="4" mb="1" cb="1"/><line nr="303" mi="3" ci="4" mb="1" cb="1"/><line nr="304" mi="3" ci="4" mb="1" cb="1"/><line nr="306" mi="1" ci="0" mb="0" cb="0"/><line nr="309" mi="0" ci="26" mb="0" cb="0"/><line nr="310" mi="0" ci="4" mb="0" cb="0"/><line nr="311" mi="0" ci="3" mb="0" cb="0"/><line nr="312" mi="0" ci="14" mb="0" cb="0"/><line nr="314" mi="0" ci="6" mb="1" cb="1"/><line nr="316" mi="7" ci="0" mb="2" cb="0"/><line nr="319" mi="0" ci="3" mb="0" cb="0"/><line nr="320" mi="0" ci="2" mb="1" cb="1"/><line nr="321" mi="0" ci="9" mb="0" cb="0"/><line nr="322" mi="0" ci="1" mb="0" cb="0"/><line nr="323" mi="11" ci="0" mb="0" cb="0"/><line nr="325" mi="2" ci="0" mb="0" cb="0"/><line nr="326" mi="3" ci="0" mb="0" cb="0"/><line nr="327" mi="3" ci="0" mb="0" cb="0"/><line nr="328" mi="17" ci="0" mb="0" cb="0"/><line nr="329" mi="4" ci="0" mb="0" cb="0"/><line nr="330" mi="1" ci="0" mb="0" cb="0"/><line nr="331" mi="2" ci="0" mb="0" cb="0"/><line nr="333" mi="0" ci="1" mb="0" cb="0"/><line nr="341" mi="0" ci="3" mb="0" cb="0"/><line nr="342" mi="0" ci="3" mb="0" cb="0"/><line nr="344" mi="0" ci="4" mb="0" cb="0"/><line nr="345" mi="0" ci="4" mb="0" cb="0"/><line nr="347" mi="0" ci="4" mb="0" cb="4"/><line nr="348" mi="0" ci="14" mb="0" cb="0"/><line nr="350" mi="0" ci="2" mb="0" cb="2"/><line nr="351" mi="0" ci="10" mb="0" cb="0"/><line nr="353" mi="0" ci="2" mb="0" cb="2"/><line nr="354" mi="0" ci="10" mb="0" cb="0"/><line nr="358" mi="0" ci="4" mb="0" cb="0"/><line nr="359" mi="0" ci="6" mb="0" cb="0"/><line nr="360" mi="0" ci="12" mb="0" cb="2"/><line nr="362" mi="0" ci="6" mb="0" cb="0"/><line nr="363" mi="0" ci="4" mb="0" cb="2"/><line nr="364" mi="0" ci="4" mb="0" cb="0"/><line nr="368" mi="0" ci="3" mb="0" cb="2"/><line nr="369" mi="0" ci="14" mb="0" cb="0"/><line nr="372" mi="0" ci="4" mb="0" cb="2"/><line nr="373" mi="0" ci="21" mb="0" cb="0"/><line nr="377" mi="0" ci="4" mb="0" cb="0"/><line nr="378" mi="0" ci="12" mb="0" cb="0"/><line nr="379" mi="0" ci="8" mb="0" cb="2"/><line nr="380" mi="0" ci="6" mb="0" cb="2"/><line nr="381" mi="0" ci="11" mb="0" cb="0"/><line nr="382" mi="0" ci="1" mb="0" cb="0"/><line nr="383" mi="0" ci="11" mb="0" cb="0"/><line nr="386" mi="0" ci="3" mb="0" cb="0"/><line nr="395" mi="4" ci="0" mb="0" cb="0"/><line nr="396" mi="4" ci="0" mb="2" cb="0"/><line nr="397" mi="2" ci="0" mb="0" cb="0"/><line nr="400" mi="4" ci="0" mb="0" cb="0"/><line nr="401" mi="6" ci="0" mb="0" cb="0"/><line nr="403" mi="10" ci="0" mb="2" cb="0"/><line nr="404" mi="8" ci="0" mb="0" cb="0"/><line nr="405" mi="10" ci="0" mb="0" cb="0"/><line nr="408" mi="4" ci="0" mb="0" cb="0"/><line nr="409" mi="3" ci="0" mb="2" cb="0"/><line nr="411" mi="8" ci="0" mb="0" cb="0"/><line nr="412" mi="6" ci="0" mb="0" cb="0"/><line nr="414" mi="10" ci="0" mb="0" cb="0"/><line nr="417" mi="3" ci="0" mb="0" cb="0"/><line nr="424" mi="4" ci="0" mb="0" cb="0"/><line nr="425" mi="8" ci="0" mb="4" cb="0"/><line nr="426" mi="2" ci="0" mb="0" cb="0"/><line nr="428" mi="5" ci="0" mb="0" cb="0"/><line nr="429" mi="2" ci="0" mb="2" cb="0"/><line nr="430" mi="12" ci="0" mb="2" cb="0"/><line nr="431" mi="5" ci="0" mb="0" cb="0"/><line nr="432" mi="6" ci="0" mb="4" cb="0"/><line nr="433" mi="4" ci="0" mb="0" cb="0"/><line nr="437" mi="2" ci="0" mb="0" cb="0"/><line nr="446" mi="0" ci="3" mb="0" cb="0"/><line nr="447" mi="0" ci="3" mb="0" cb="0"/><line nr="449" mi="0" ci="8" mb="0" cb="4"/><line nr="450" mi="0" ci="14" mb="0" cb="0"/><line nr="452" mi="0" ci="4" mb="0" cb="2"/><line nr="453" mi="0" ci="10" mb="0" cb="0"/><line nr="455" mi="0" ci="4" mb="0" cb="2"/><line nr="456" mi="0" ci="10" mb="0" cb="0"/><line nr="460" mi="0" ci="4" mb="0" cb="0"/><line nr="461" mi="0" ci="4" mb="0" cb="0"/><line nr="462" mi="0" ci="4" mb="0" cb="0"/><line nr="463" mi="0" ci="5" mb="0" cb="0"/><line nr="464" mi="0" ci="10" mb="0" cb="0"/><line nr="466" mi="0" ci="12" mb="0" cb="2"/><line nr="467" mi="0" ci="6" mb="0" cb="0"/><line nr="469" mi="0" ci="6" mb="0" cb="0"/><line nr="470" mi="0" ci="13" mb="0" cb="0"/><line nr="472" mi="0" ci="4" mb="0" cb="2"/><line nr="473" mi="0" ci="4" mb="0" cb="0"/><line nr="474" mi="0" ci="4" mb="0" cb="0"/><line nr="475" mi="0" ci="5" mb="0" cb="0"/><line nr="477" mi="0" ci="5" mb="0" cb="2"/><line nr="478" mi="0" ci="4" mb="0" cb="0"/><line nr="480" mi="0" ci="5" mb="0" cb="2"/><line nr="482" mi="0" ci="5" mb="0" cb="0"/><line nr="483" mi="0" ci="12" mb="0" cb="2"/><line nr="484" mi="0" ci="4" mb="0" cb="0"/><line nr="485" mi="0" ci="5" mb="0" cb="0"/><line nr="486" mi="0" ci="4" mb="0" cb="0"/><line nr="487" mi="0" ci="9" mb="0" cb="2"/><line nr="488" mi="0" ci="6" mb="0" cb="0"/><line nr="489" mi="0" ci="5" mb="0" cb="0"/><line nr="490" mi="0" ci="14" mb="0" cb="0"/><line nr="495" mi="0" ci="9" mb="0" cb="2"/><line nr="496" mi="0" ci="14" mb="0" cb="0"/><line nr="500" mi="0" ci="4" mb="0" cb="0"/><line nr="501" mi="0" ci="2" mb="0" cb="0"/><line nr="502" mi="0" ci="3" mb="0" cb="2"/><line nr="503" mi="0" ci="4" mb="0" cb="0"/><line nr="504" mi="0" ci="5" mb="0" cb="0"/><line nr="506" mi="0" ci="2" mb="0" cb="0"/><line nr="508" mi="0" ci="6" mb="0" cb="0"/><line nr="509" mi="0" ci="4" mb="0" cb="0"/><line nr="512" mi="0" ci="2" mb="0" cb="2"/><line nr="513" mi="0" ci="2" mb="0" cb="0"/><line nr="515" mi="0" ci="14" mb="0" cb="0"/><line nr="522" mi="0" ci="3" mb="0" cb="0"/><line nr="523" mi="0" ci="3" mb="0" cb="0"/><line nr="525" mi="0" ci="8" mb="2" cb="2"/><line nr="526" mi="2" ci="0" mb="0" cb="0"/><line nr="529" mi="0" ci="4" mb="0" cb="0"/><line nr="530" mi="0" ci="4" mb="0" cb="0"/><line nr="531" mi="0" ci="4" mb="0" cb="0"/><line nr="532" mi="0" ci="5" mb="0" cb="0"/><line nr="533" mi="0" ci="10" mb="0" cb="0"/><line nr="535" mi="0" ci="12" mb="0" cb="2"/><line nr="536" mi="0" ci="6" mb="0" cb="0"/><line nr="538" mi="0" ci="6" mb="0" cb="0"/><line nr="539" mi="0" ci="13" mb="0" cb="0"/><line nr="541" mi="0" ci="4" mb="1" cb="1"/><line nr="542" mi="0" ci="4" mb="0" cb="0"/><line nr="543" mi="0" ci="4" mb="0" cb="0"/><line nr="544" mi="0" ci="5" mb="0" cb="0"/><line nr="546" mi="1" ci="4" mb="1" cb="1"/><line nr="547" mi="0" ci="4" mb="0" cb="0"/><line nr="548" mi="0" ci="5" mb="0" cb="2"/><line nr="550" mi="0" ci="5" mb="0" cb="0"/><line nr="551" mi="1" ci="2" mb="1" cb="1"/><line nr="552" mi="0" ci="12" mb="0" cb="2"/><line nr="553" mi="0" ci="4" mb="0" cb="0"/><line nr="554" mi="0" ci="5" mb="0" cb="0"/><line nr="555" mi="0" ci="4" mb="0" cb="0"/><line nr="556" mi="0" ci="9" mb="0" cb="2"/><line nr="557" mi="0" ci="6" mb="0" cb="0"/><line nr="558" mi="0" ci="5" mb="0" cb="0"/><line nr="559" mi="0" ci="14" mb="0" cb="0"/><line nr="564" mi="0" ci="9" mb="1" cb="1"/><line nr="565" mi="2" ci="0" mb="0" cb="0"/><line nr="568" mi="0" ci="4" mb="0" cb="0"/><line nr="569" mi="0" ci="2" mb="0" cb="0"/><line nr="570" mi="0" ci="3" mb="0" cb="2"/><line nr="571" mi="0" ci="4" mb="0" cb="0"/><line nr="572" mi="0" ci="5" mb="0" cb="0"/><line nr="574" mi="0" ci="2" mb="0" cb="0"/><line nr="575" mi="0" ci="2" mb="0" cb="0"/><line nr="583" mi="0" ci="5" mb="0" cb="0"/><line nr="584" mi="0" ci="4" mb="0" cb="0"/><line nr="585" mi="0" ci="10" mb="0" cb="2"/><line nr="586" mi="0" ci="21" mb="0" cb="0"/><line nr="589" mi="0" ci="4" mb="0" cb="0"/><line nr="590" mi="0" ci="4" mb="0" cb="0"/><line nr="591" mi="0" ci="4" mb="0" cb="0"/><line nr="592" mi="0" ci="4" mb="0" cb="0"/><line nr="593" mi="0" ci="4" mb="0" cb="0"/><line nr="594" mi="0" ci="4" mb="0" cb="0"/><line nr="595" mi="0" ci="4" mb="0" cb="0"/><line nr="596" mi="0" ci="4" mb="0" cb="0"/><line nr="597" mi="0" ci="4" mb="0" cb="0"/><line nr="598" mi="0" ci="4" mb="0" cb="0"/><line nr="601" mi="0" ci="11" mb="0" cb="2"/><line nr="602" mi="0" ci="11" mb="0" cb="0"/><line nr="605" mi="0" ci="12" mb="0" cb="2"/><line nr="606" mi="0" ci="4" mb="0" cb="0"/><line nr="607" mi="0" ci="14" mb="0" cb="2"/><line nr="608" mi="0" ci="13" mb="0" cb="0"/><line nr="609" mi="0" ci="5" mb="0" cb="0"/><line nr="610" mi="0" ci="4" mb="0" cb="2"/><line nr="611" mi="0" ci="9" mb="0" cb="0"/><line nr="612" mi="0" ci="12" mb="0" cb="0"/><line nr="613" mi="0" ci="1" mb="0" cb="0"/><line nr="614" mi="0" ci="9" mb="0" cb="0"/><line nr="615" mi="0" ci="9" mb="0" cb="0"/><line nr="616" mi="0" ci="17" mb="0" cb="0"/><line nr="620" mi="0" ci="4" mb="0" cb="0"/><line nr="622" mi="0" ci="2" mb="0" cb="0"/><line nr="623" mi="0" ci="2" mb="0" cb="0"/><line nr="624" mi="0" ci="12" mb="0" cb="0"/><line nr="625" mi="0" ci="4" mb="0" cb="0"/><line nr="626" mi="0" ci="2" mb="0" cb="0"/><line nr="627" mi="0" ci="9" mb="0" cb="0"/><line nr="629" mi="0" ci="3" mb="0" cb="0"/><line nr="630" mi="1" ci="1" mb="0" cb="0"/><line nr="631" mi="10" ci="0" mb="0" cb="0"/><line nr="633" mi="0" ci="1" mb="0" cb="0"/><line nr="641" mi="3" ci="0" mb="0" cb="0"/><line nr="642" mi="4" ci="0" mb="2" cb="0"/><line nr="643" mi="2" ci="0" mb="0" cb="0"/><line nr="646" mi="2" ci="0" mb="0" cb="0"/><line nr="647" mi="3" ci="0" mb="0" cb="0"/><line nr="648" mi="2" ci="0" mb="0" cb="0"/><line nr="649" mi="2" ci="0" mb="0" cb="0"/><line nr="652" mi="4" ci="0" mb="0" cb="0"/><line nr="653" mi="12" ci="0" mb="2" cb="0"/><line nr="654" mi="9" ci="0" mb="0" cb="0"/><line nr="658" mi="4" ci="0" mb="0" cb="0"/><line nr="659" mi="4" ci="0" mb="0" cb="0"/><line nr="660" mi="12" ci="0" mb="2" cb="0"/><line nr="661" mi="5" ci="0" mb="0" cb="0"/><line nr="662" mi="8" ci="0" mb="0" cb="0"/><line nr="663" mi="2" ci="0" mb="2" cb="0"/><line nr="664" mi="6" ci="0" mb="0" cb="0"/><line nr="669" mi="4" ci="0" mb="0" cb="0"/><line nr="670" mi="12" ci="0" mb="2" cb="0"/><line nr="671" mi="7" ci="0" mb="0" cb="0"/><line nr="673" mi="12" ci="0" mb="2" cb="0"/><line nr="674" mi="4" ci="0" mb="0" cb="0"/><line nr="675" mi="14" ci="0" mb="2" cb="0"/><line nr="676" mi="7" ci="0" mb="0" cb="0"/><line nr="681" mi="7" ci="0" mb="2" cb="0"/><line nr="682" mi="4" ci="0" mb="0" cb="0"/><line nr="685" mi="2" ci="0" mb="0" cb="0"/><line nr="686" mi="11" ci="0" mb="2" cb="0"/><line nr="687" mi="8" ci="0" mb="0" cb="0"/><line nr="690" mi="2" ci="0" mb="0" cb="0"/><line nr="691" mi="12" ci="0" mb="2" cb="0"/><line nr="692" mi="2" ci="0" mb="0" cb="0"/><line nr="693" mi="14" ci="0" mb="2" cb="0"/><line nr="694" mi="15" ci="0" mb="0" cb="0"/><line nr="697" mi="16" ci="0" mb="0" cb="0"/><line nr="698" mi="6" ci="0" mb="0" cb="0"/><line nr="699" mi="11" ci="0" mb="0" cb="0"/><line nr="702" mi="2" ci="0" mb="0" cb="0"/><line nr="703" mi="4" ci="0" mb="2" cb="0"/><line nr="704" mi="1" ci="0" mb="0" cb="0"/><line nr="708" mi="5" ci="0" mb="0" cb="0"/><line nr="717" mi="0" ci="2" mb="0" cb="0"/><line nr="718" mi="0" ci="4" mb="0" cb="0"/><line nr="719" mi="0" ci="4" mb="0" cb="0"/><line nr="720" mi="0" ci="2" mb="0" cb="0"/><line nr="721" mi="0" ci="3" mb="0" cb="0"/><line nr="727" mi="3" ci="0" mb="2" cb="0"/><line nr="728" mi="2" ci="0" mb="0" cb="0"/><line nr="729" mi="2" ci="0" mb="0" cb="0"/><line nr="730" mi="2" ci="0" mb="0" cb="0"/><line nr="732" mi="6" ci="0" mb="0" cb="0"/><line nr="733" mi="8" ci="0" mb="0" cb="0"/><line nr="734" mi="2" ci="0" mb="0" cb="0"/><line nr="735" mi="2" ci="0" mb="0" cb="0"/><line nr="736" mi="2" ci="0" mb="0" cb="0"/><line nr="737" mi="2" ci="0" mb="0" cb="0"/><line nr="738" mi="4" ci="0" mb="0" cb="0"/><line nr="739" mi="2" ci="0" mb="0" cb="0"/><line nr="747" mi="6" ci="0" mb="4" cb="0"/><line nr="749" mi="5" ci="0" mb="0" cb="0"/><line nr="750" mi="5" ci="0" mb="4" cb="0"/><line nr="751" mi="2" ci="0" mb="0" cb="0"/><line nr="752" mi="10" ci="0" mb="0" cb="0"/><line nr="753" mi="2" ci="0" mb="0" cb="0"/><line nr="756" mi="6" ci="0" mb="0" cb="0"/><line nr="757" mi="8" ci="0" mb="0" cb="0"/><line nr="758" mi="11" ci="0" mb="0" cb="0"/><line nr="760" mi="4" ci="0" mb="2" cb="0"/><line nr="761" mi="4" ci="0" mb="0" cb="0"/><line nr="762" mi="2" ci="0" mb="0" cb="0"/><line nr="763" mi="10" ci="0" mb="0" cb="0"/><line nr="764" mi="2" ci="0" mb="0" cb="0"/><line nr="767" mi="4" ci="0" mb="0" cb="0"/><line nr="768" mi="4" ci="0" mb="0" cb="0"/><line nr="769" mi="2" ci="0" mb="0" cb="0"/><line nr="770" mi="2" ci="0" mb="0" cb="0"/><line nr="779" mi="3" ci="0" mb="2" cb="0"/><line nr="780" mi="2" ci="0" mb="0" cb="0"/><line nr="783" mi="3" ci="0" mb="2" cb="0"/><line nr="784" mi="2" ci="0" mb="0" cb="0"/><line nr="785" mi="3" ci="0" mb="2" cb="0"/><line nr="786" mi="2" ci="0" mb="0" cb="0"/><line nr="789" mi="4" ci="0" mb="0" cb="0"/><line nr="791" mi="12" ci="0" mb="0" cb="0"/><line nr="792" mi="3" ci="0" mb="0" cb="0"/><line nr="793" mi="2" ci="0" mb="0" cb="0"/><line nr="794" mi="2" ci="0" mb="0" cb="0"/><line nr="797" mi="2" ci="0" mb="0" cb="0"/><line nr="806" mi="2" ci="0" mb="0" cb="0"/><line nr="815" mi="2" ci="0" mb="0" cb="0"/><line nr="824" mi="0" ci="5" mb="0" cb="0"/><line nr="825" mi="0" ci="1" mb="0" cb="0"/><counter type="INSTRUCTION" missed="1463" covered="1075"/><counter type="BRANCH" missed="148" covered="80"/><counter type="LINE" missed="284" covered="176"/><counter type="COMPLEXITY" missed="97" covered="43"/><counter type="METHOD" missed="14" covered="9"/><counter type="CLASS" missed="0" covered="1"/></sourcefile><counter type="INSTRUCTION" missed="1463" covered="1075"/><counter type="BRANCH" missed="148" covered="80"/><counter type="LINE" missed="284" covered="176"/><counter type="COMPLEXITY" missed="97" covered="43"/><counter type="METHOD" missed="14" covered="9"/><counter type="CLASS" missed="0" covered="1"/></package><counter type="INSTRUCTION" missed="1463" covered="1075"/><counter type="BRANCH" missed="148" covered="80"/><counter type="LINE" missed="284" covered="176"/><counter type="COMPLEXITY" missed="97" covered="43"/><counter type="METHOD" missed="14" covered="9"/><counter type="CLASS" missed="0" covered="1"/></report>