<?xml version="1.0" encoding="UTF-8" standalone="yes"?><!DOCTYPE report PUBLIC "-//JACOCO//DTD Report 1.1//EN" "report.dtd"><report name="wordgraph"><sessioninfo id="DESKTOP-5VUA7H8-1dda1292" start="1776889122281" dump="1776889123285"/><package name=""><class name="Main" sourcefilename="Main.java"><method name="&lt;init&gt;" desc="()V" line="24"><counter type="INSTRUCTION" missed="3" covered="0"/><counter type="LINE" missed="1" covered="0"/><counter type="COMPLEXITY" missed="1" covered="0"/><counter type="METHOD" missed="1" covered="0"/></method><method name="main" desc="([Ljava/lang/String;)V" line="33"><counter type="INSTRUCTION" missed="349" covered="0"/><counter type="BRANCH" missed="36" covered="0"/><counter type="LINE" missed="91" covered="0"/><counter type="COMPLEXITY" missed="22" covered="0"/><counter type="METHOD" missed="1" covered="0"/></method><method name="buildGraph" desc="(Ljava/lang/String;)Z" line="162"><counter type="INSTRUCTION" missed="176" covered="0"/><counter type="BRANCH" missed="24" covered="0"/><counter type="LINE" missed="28" covered="0"/><counter type="COMPLEXITY" missed="13" covered="0"/><counter type="METHOD" missed="1" covered="0"/></method><method name="showDirectedGraph" desc="(Ljava/util/Map;)V" line="216"><counter type="INSTRUCTION" missed="264" covered="0"/><counter type="BRANCH" missed="14" covered="0"/><counter type="LINE" missed="47" covered="0"/><counter type="COMPLEXITY" missed="8" covered="0"/><counter type="METHOD" missed="1" covered="0"/></method><method name="runDot" desc="(Ljava/lang/String;Ljava/lang/String;)V" line="279"><counter type="INSTRUCTION" missed="55" covered="102"/><counter type="BRANCH" missed="6" covered="8"/><counter type="LINE" missed="8" covered="18"/><counter type="COMPLEXITY" missed="6" covered="2"/><counter type="METHOD" missed="0" covered="1"/></method><method name="queryBridgeWords" desc="(Ljava/lang/String;Ljava/lang/String;)Ljava/lang/String;" line="319"><counter type="INSTRUCTION" missed="0" covered="197"/><counter type="BRANCH" missed="2" covered="22"/><counter type="LINE" missed="0" covered="29"/><counter type="COMPLEXITY" missed="2" covered="11"/><counter type="METHOD" missed="0" covered="1"/></method><method name="generateNewText" desc="(Ljava/lang/String;)Ljava/lang/String;" line="374"><counter type="INSTRUCTION" missed="82" covered="0"/><counter type="BRANCH" missed="6" covered="0"/><counter type="LINE" missed="14" covered="0"/><counter type="COMPLEXITY" missed="4" covered="0"/><counter type="METHOD" missed="1" covered="0"/></method><method name="getBridgeWordsList" desc="(Ljava/lang/String;Ljava/lang/String;)Ljava/util/List;" line="403"><counter type="INSTRUCTION" missed="50" covered="0"/><counter type="BRANCH" missed="12" covered="0"/><counter type="LINE" missed="11" covered="0"/><counter type="COMPLEXITY" missed="7" covered="0"/><counter type="METHOD" missed="1" covered="0"/></method><method name="calcShortestPath" desc="(Ljava/lang/String;Ljava/lang/String;)Ljava/lang/String;" line="425"><counter type="INSTRUCTION" missed="2" covered="282"/><counter type="BRANCH" missed="3" covered="25"/><counter type="LINE" missed="0" covered="49"/><counter type="COMPLEXITY" missed="3" covered="12"/><counter type="METHOD" missed="0" covered="1"/></method><method name="generatePathGraph" desc="(Ljava/util/List;)V" line="503"><counter type="INSTRUCTION" missed="12" covered="248"/><counter type="BRANCH" missed="0" covered="10"/><counter type="LINE" missed="2" covered="40"/><counter type="COMPLEXITY" missed="0" covered="6"/><counter type="METHOD" missed="0" covered="1"/></method><method name="calPageRank" desc="(Ljava/lang/String;)Ljava/lang/Double;" line="561"><counter type="INSTRUCTION" missed="264" covered="0"/><counter type="BRANCH" missed="24" covered="0"/><counter type="LINE" missed="49" covered="0"/><counter type="COMPLEXITY" missed="13" covered="0"/><counter type="METHOD" missed="1" covered="0"/></method><method name="randomWalkInit" desc="()Ljava/lang/String;" line="647"><counter type="INSTRUCTION" missed="37" covered="0"/><counter type="BRANCH" missed="2" covered="0"/><counter type="LINE" missed="12" covered="0"/><counter type="COMPLEXITY" missed="2" covered="0"/><counter type="METHOD" missed="1" covered="0"/></method><method name="randomWalkStep" desc="()Ljava/lang/String;" line="667"><counter type="INSTRUCTION" missed="91" covered="0"/><counter type="BRANCH" missed="10" covered="0"/><counter type="LINE" missed="18" covered="0"/><counter type="COMPLEXITY" missed="6" covered="0"/><counter type="METHOD" missed="1" covered="0"/></method><method name="randomWalk" desc="()Ljava/lang/String;" line="699"><counter type="INSTRUCTION" missed="36" covered="0"/><counter type="BRANCH" missed="6" covered="0"/><counter type="LINE" missed="13" covered="0"/><counter type="COMPLEXITY" missed="4" covered="0"/><counter type="METHOD" missed="1" covered="0"/></method><method name="isWalkFinished" desc="()Z" line="720"><counter type="INSTRUCTION" missed="2" covered="0"/><counter type="LINE" missed="1" covered="0"/><counter type="COMPLEXITY" missed="1" covered="0"/><counter type="METHOD" missed="1" covered="0"/></method><method name="getWalkStopReason" desc="()Ljava/lang/String;" line="721"><counter type="INSTRUCTION" missed="2" covered="0"/><counter type="LINE" missed="1" covered="0"/><counter type="COMPLEXITY" missed="1" covered="0"/><counter type="METHOD" missed="1" covered="0"/></method><method name="setGraphForTest" desc="(Ljava/util/Map;)V" line="723"><counter type="INSTRUCTION" missed="0" covered="3"/><counter type="LINE" missed="0" covered="2"/><counter type="COMPLEXITY" missed="0" covered="1"/><counter type="METHOD" missed="0" covered="1"/></method><method name="lambda$calcShortestPath$2" desc="([Ljava/lang/String;[Ljava/lang/String;)I" line="443"><counter type="INSTRUCTION" missed="0" covered="10"/><counter type="LINE" missed="0" covered="1"/><counter type="COMPLEXITY" missed="0" covered="1"/><counter type="METHOD" missed="0" covered="1"/></method><method name="lambda$main$1" desc="(Ljava/util/Map$Entry;)V" line="112"><counter type="INSTRUCTION" missed="17" covered="0"/><counter type="LINE" missed="1" covered="0"/><counter type="COMPLEXITY" missed="1" covered="0"/><counter type="METHOD" missed="1" covered="0"/></method><method name="lambda$main$0" desc="(Ljava/util/Map$Entry;Ljava/util/Map$Entry;)I" line="111"><counter type="INSTRUCTION" missed="10" covered="0"/><counter type="LINE" missed="1" covered="0"/><counter type="COMPLEXITY" missed="1" covered="0"/><counter type="METHOD" missed="1" covered="0"/></method><method name="&lt;clinit&gt;" desc="()V" line="27"><counter type="INSTRUCTION" missed="0" covered="25"/><counter type="LINE" missed="0" covered="8"/><counter type="COMPLEXITY" missed="0" covered="1"/><counter type="METHOD" missed="0" covered="1"/></method><counter type="INSTRUCTION" missed="1452" covered="867"/><counter type="BRANCH" missed="145" covered="65"/><counter type="LINE" missed="296" covered="147"/><counter type="COMPLEXITY" missed="95" covered="34"/><counter type="METHOD" missed="14" covered="7"/><counter type="CLASS" missed="0" covered="1"/></class><sourcefile name="Main.java"><line nr="24" mi="3" ci="0" mb="0" cb="0"/><line nr="27" mi="0" ci="4" mb="0" cb="0"/><line nr="28" mi="0" ci="4" mb="0" cb="0"/><line nr="29" mi="0" ci="2" mb="0" cb="0"/><line nr="33" mi="5" ci="0" mb="0" cb="0"/><line nr="36" mi="3" ci="0" mb="2" cb="0"/><line nr="37" mi="5" ci="0" mb="0" cb="0"/><line nr="39" mi="3" ci="0" mb="0" cb="0"/><line nr="40" mi="4" ci="0" mb="0" cb="0"/><line nr="44" mi="3" ci="0" mb="2" cb="0"/><line nr="45" mi="3" ci="0" mb="0" cb="0"/><line nr="46" mi="1" ci="0" mb="0" cb="0"/><line nr="48" mi="11" ci="0" mb="0" cb="0"/><line nr="52" mi="3" ci="0" mb="0" cb="0"/><line nr="53" mi="3" ci="0" mb="0" cb="0"/><line nr="54" mi="3" ci="0" mb="0" cb="0"/><line nr="55" mi="3" ci="0" mb="0" cb="0"/><line nr="56" mi="3" ci="0" mb="0" cb="0"/><line nr="57" mi="3" ci="0" mb="0" cb="0"/><line nr="58" mi="3" ci="0" mb="0" cb="0"/><line nr="59" mi="3" ci="0" mb="0" cb="0"/><line nr="60" mi="3" ci="0" mb="0" cb="0"/><line nr="62" mi="4" ci="0" mb="0" cb="0"/><line nr="63" mi="8" ci="0" mb="8" cb="0"/><line nr="65" mi="2" ci="0" mb="0" cb="0"/><line nr="66" mi="1" ci="0" mb="0" cb="0"/><line nr="68" mi="3" ci="0" mb="0" cb="0"/><line nr="69" mi="4" ci="0" mb="0" cb="0"/><line nr="70" mi="3" ci="0" mb="0" cb="0"/><line nr="71" mi="4" ci="0" mb="0" cb="0"/><line nr="72" mi="5" ci="0" mb="0" cb="0"/><line nr="73" mi="1" ci="0" mb="0" cb="0"/><line nr="75" mi="3" ci="0" mb="0" cb="0"/><line nr="76" mi="4" ci="0" mb="0" cb="0"/><line nr="77" mi="11" ci="0" mb="0" cb="0"/><line nr="78" mi="1" ci="0" mb="0" cb="0"/><line nr="80" mi="3" ci="0" mb="0" cb="0"/><line nr="81" mi="4" ci="0" mb="0" cb="0"/><line nr="82" mi="3" ci="0" mb="0" cb="0"/><line nr="83" mi="4" ci="0" mb="0" cb="0"/><line nr="84" mi="3" ci="0" mb="2" cb="0"/><line nr="85" mi="3" ci="0" mb="0" cb="0"/><line nr="86" mi="4" ci="0" mb="2" cb="0"/><line nr="87" mi="13" ci="0" mb="0" cb="0"/><line nr="89" mi="2" ci="0" mb="0" cb="0"/><line nr="90" mi="11" ci="0" mb="2" cb="0"/><line nr="91" mi="4" ci="0" mb="2" cb="0"/><line nr="92" mi="5" ci="0" mb="0" cb="0"/><line nr="94" mi="1" ci="0" mb="0" cb="0"/><line nr="95" mi="2" ci="0" mb="0" cb="0"/><line nr="97" mi="1" ci="0" mb="0" cb="0"/><line nr="98" mi="5" ci="0" mb="0" cb="0"/><line nr="100" mi="1" ci="0" mb="0" cb="0"/><line nr="102" mi="3" ci="0" mb="0" cb="0"/><line nr="103" mi="4" ci="0" mb="0" cb="0"/><line nr="104" mi="4" ci="0" mb="2" cb="0"/><line nr="106" mi="4" ci="0" mb="0" cb="0"/><line nr="107" mi="11" ci="0" mb="2" cb="0"/><line nr="108" mi="6" ci="0" mb="0" cb="0"/><line nr="109" mi="1" ci="0" mb="0" cb="0"/><line nr="110" mi="4" ci="0" mb="0" cb="0"/><line nr="111" mi="12" ci="0" mb="0" cb="0"/><line nr="112" mi="18" ci="0" mb="0" cb="0"/><line nr="113" mi="1" ci="0" mb="0" cb="0"/><line nr="114" mi="3" ci="0" mb="0" cb="0"/><line nr="115" mi="2" ci="0" mb="2" cb="0"/><line nr="116" mi="16" ci="0" mb="0" cb="0"/><line nr="118" mi="12" ci="0" mb="0" cb="0"/><line nr="121" mi="1" ci="0" mb="0" cb="0"/><line nr="123" mi="3" ci="0" mb="0" cb="0"/><line nr="124" mi="2" ci="0" mb="0" cb="0"/><line nr="125" mi="2" ci="0" mb="2" cb="0"/><line nr="126" mi="4" ci="0" mb="0" cb="0"/><line nr="128" mi="3" ci="0" mb="0" cb="0"/><line nr="129" mi="2" ci="0" mb="2" cb="0"/><line nr="130" mi="3" ci="0" mb="0" cb="0"/><line nr="131" mi="4" ci="0" mb="0" cb="0"/><line nr="132" mi="4" ci="0" mb="2" cb="0"/><line nr="133" mi="3" ci="0" mb="0" cb="0"/><line nr="134" mi="1" ci="0" mb="0" cb="0"/><line nr="136" mi="2" ci="0" mb="0" cb="0"/><line nr="137" mi="2" ci="0" mb="2" cb="0"/><line nr="138" mi="10" ci="0" mb="0" cb="0"/><line nr="140" mi="2" ci="0" mb="2" cb="0"/><line nr="141" mi="12" ci="0" mb="0" cb="0"/><line nr="143" mi="1" ci="0" mb="0" cb="0"/><line nr="144" mi="2" ci="0" mb="0" cb="0"/><line nr="145" mi="10" ci="0" mb="0" cb="0"/><line nr="146" mi="3" ci="0" mb="0" cb="0"/><line nr="148" mi="1" ci="0" mb="0" cb="0"/><line nr="150" mi="3" ci="0" mb="0" cb="0"/><line nr="151" mi="2" ci="0" mb="0" cb="0"/><line nr="152" mi="1" ci="0" mb="0" cb="0"/><line nr="154" mi="3" ci="0" mb="0" cb="0"/><line nr="156" mi="1" ci="0" mb="0" cb="0"/><line nr="162" mi="4" ci="0" mb="0" cb="0"/><line nr="163" mi="8" ci="0" mb="0" cb="0"/><line nr="165" mi="5" ci="0" mb="2" cb="0"/><line nr="166" mi="7" ci="0" mb="0" cb="0"/><line nr="168" mi="2" ci="0" mb="0" cb="0"/><line nr="171" mi="4" ci="0" mb="0" cb="0"/><line nr="172" mi="4" ci="0" mb="0" cb="0"/><line nr="173" mi="17" ci="0" mb="2" cb="0"/><line nr="174" mi="6" ci="0" mb="4" cb="0"/><line nr="175" mi="5" ci="0" mb="0" cb="0"/><line nr="177" mi="4" ci="0" mb="0" cb="0"/><line nr="182" mi="6" ci="0" mb="0" cb="0"/><line nr="183" mi="12" ci="0" mb="6" cb="0"/><line nr="184" mi="3" ci="0" mb="0" cb="0"/><line nr="185" mi="2" ci="0" mb="0" cb="0"/><line nr="189" mi="2" ci="0" mb="0" cb="0"/><line nr="190" mi="16" ci="0" mb="2" cb="0"/><line nr="191" mi="3" ci="0" mb="2" cb="0"/><line nr="192" mi="7" ci="0" mb="0" cb="0"/><line nr="196" mi="10" ci="0" mb="2" cb="0"/><line nr="197" mi="13" ci="0" mb="4" cb="0"/><line nr="198" mi="4" ci="0" mb="0" cb="0"/><line nr="199" mi="6" ci="0" mb="0" cb="0"/><line nr="200" mi="10" ci="0" mb="0" cb="0"/><line nr="203" mi="2" ci="0" mb="0" cb="0"/><line nr="204" mi="1" ci="0" mb="0" cb="0"/><line nr="205" mi="11" ci="0" mb="0" cb="0"/><line nr="206" mi="2" ci="0" mb="0" cb="0"/><line nr="216" mi="4" ci="0" mb="0" cb="0"/><line nr="217" mi="4" ci="0" mb="0" cb="0"/><line nr="218" mi="11" ci="0" mb="2" cb="0"/><line nr="219" mi="4" ci="0" mb="0" cb="0"/><line nr="220" mi="4" ci="0" mb="0" cb="0"/><line nr="221" mi="11" ci="0" mb="2" cb="0"/><line nr="222" mi="21" ci="0" mb="0" cb="0"/><line nr="223" mi="1" ci="0" mb="0" cb="0"/><line nr="224" mi="1" ci="0" mb="0" cb="0"/><line nr="225" mi="4" ci="0" mb="0" cb="0"/><line nr="226" mi="4" ci="0" mb="0" cb="0"/><line nr="227" mi="11" ci="0" mb="2" cb="0"/><line nr="228" mi="10" ci="0" mb="2" cb="0"/><line nr="229" mi="1" ci="0" mb="0" cb="0"/><line nr="230" mi="11" ci="0" mb="2" cb="0"/><line nr="231" mi="3" ci="0" mb="0" cb="0"/><line nr="235" mi="4" ci="0" mb="0" cb="0"/><line nr="236" mi="4" ci="0" mb="0" cb="0"/><line nr="237" mi="4" ci="0" mb="0" cb="0"/><line nr="238" mi="4" ci="0" mb="0" cb="0"/><line nr="239" mi="4" ci="0" mb="0" cb="0"/><line nr="240" mi="4" ci="0" mb="0" cb="0"/><line nr="241" mi="4" ci="0" mb="0" cb="0"/><line nr="242" mi="4" ci="0" mb="0" cb="0"/><line nr="243" mi="4" ci="0" mb="0" cb="0"/><line nr="244" mi="4" ci="0" mb="0" cb="0"/><line nr="245" mi="11" ci="0" mb="2" cb="0"/><line nr="246" mi="4" ci="0" mb="0" cb="0"/><line nr="247" mi="13" ci="0" mb="2" cb="0"/><line nr="248" mi="5" ci="0" mb="0" cb="0"/><line nr="250" mi="9" ci="0" mb="0" cb="0"/><line nr="251" mi="14" ci="0" mb="0" cb="0"/><line nr="252" mi="12" ci="0" mb="0" cb="0"/><line nr="253" mi="1" ci="0" mb="0" cb="0"/><line nr="254" mi="1" ci="0" mb="0" cb="0"/><line nr="255" mi="4" ci="0" mb="0" cb="0"/><line nr="258" mi="2" ci="0" mb="0" cb="0"/><line nr="259" mi="2" ci="0" mb="0" cb="0"/><line nr="260" mi="8" ci="0" mb="0" cb="0"/><line nr="261" mi="4" ci="0" mb="0" cb="0"/><line nr="262" mi="2" ci="0" mb="0" cb="0"/><line nr="263" mi="10" ci="0" mb="0" cb="0"/><line nr="266" mi="3" ci="0" mb="0" cb="0"/><line nr="267" mi="1" ci="0" mb="0" cb="0"/><line nr="268" mi="11" ci="0" mb="0" cb="0"/><line nr="269" mi="1" ci="0" mb="0" cb="0"/><line nr="270" mi="1" ci="0" mb="0" cb="0"/><line nr="279" mi="0" ci="2" mb="0" cb="0"/><line nr="280" mi="0" ci="10" mb="0" cb="0"/><line nr="282" mi="0" ci="5" mb="1" cb="1"/><line nr="283" mi="0" ci="7" mb="0" cb="2"/><line nr="284" mi="3" ci="4" mb="1" cb="1"/><line nr="285" mi="3" ci="4" mb="1" cb="1"/><line nr="286" mi="3" ci="4" mb="1" cb="1"/><line nr="288" mi="1" ci="1" mb="0" cb="0"/><line nr="291" mi="0" ci="26" mb="0" cb="0"/><line nr="292" mi="0" ci="4" mb="0" cb="0"/><line nr="293" mi="0" ci="3" mb="0" cb="0"/><line nr="294" mi="0" ci="11" mb="0" cb="0"/><line nr="295" mi="1" ci="3" mb="1" cb="1"/><line nr="297" mi="0" ci="3" mb="0" cb="0"/><line nr="298" mi="0" ci="2" mb="1" cb="1"/><line nr="299" mi="0" ci="11" mb="0" cb="0"/><line nr="301" mi="12" ci="0" mb="0" cb="0"/><line nr="303" mi="1" ci="0" mb="0" cb="0"/><line nr="304" mi="3" ci="0" mb="0" cb="0"/><line nr="305" mi="3" ci="0" mb="0" cb="0"/><line nr="306" mi="18" ci="0" mb="0" cb="0"/><line nr="307" mi="3" ci="0" mb="0" cb="0"/><line nr="308" mi="1" ci="0" mb="0" cb="0"/><line nr="309" mi="2" ci="0" mb="0" cb="0"/><line nr="310" mi="1" ci="1" mb="0" cb="0"/><line nr="311" mi="0" ci="1" mb="0" cb="0"/><line nr="319" mi="0" ci="3" mb="0" cb="0"/><line nr="320" mi="0" ci="3" mb="0" cb="0"/><line nr="322" mi="0" ci="4" mb="0" cb="0"/><line nr="323" mi="0" ci="4" mb="0" cb="0"/><line nr="325" mi="0" ci="4" mb="0" cb="4"/><line nr="326" mi="0" ci="15" mb="0" cb="0"/><line nr="328" mi="0" ci="2" mb="0" cb="2"/><line nr="329" mi="0" ci="11" mb="0" cb="0"/><line nr="331" mi="0" ci="2" mb="0" cb="2"/><line nr="332" mi="0" ci="11" mb="0" cb="0"/><line nr="336" mi="0" ci="4" mb="0" cb="0"/><line nr="337" mi="0" ci="5" mb="0" cb="0"/><line nr="338" mi="0" ci="2" mb="1" cb="1"/><line nr="339" mi="0" ci="11" mb="0" cb="2"/><line nr="340" mi="0" ci="5" mb="0" cb="0"/><line nr="341" mi="0" ci="6" mb="1" cb="3"/><line nr="342" mi="0" ci="4" mb="0" cb="0"/><line nr="344" mi="0" ci="1" mb="0" cb="0"/><line nr="347" mi="0" ci="3" mb="0" cb="2"/><line nr="348" mi="0" ci="15" mb="0" cb="0"/><line nr="351" mi="0" ci="4" mb="0" cb="2"/><line nr="352" mi="0" ci="22" mb="0" cb="0"/><line nr="356" mi="0" ci="4" mb="0" cb="0"/><line nr="357" mi="0" ci="12" mb="0" cb="0"/><line nr="358" mi="0" ci="8" mb="0" cb="2"/><line nr="359" mi="0" ci="6" mb="0" cb="2"/><line nr="360" mi="0" ci="12" mb="0" cb="0"/><line nr="362" mi="0" ci="11" mb="0" cb="0"/><line nr="365" mi="0" ci="3" mb="0" cb="0"/><line nr="374" mi="4" ci="0" mb="0" cb="0"/><line nr="375" mi="4" ci="0" mb="2" cb="0"/><line nr="376" mi="2" ci="0" mb="0" cb="0"/><line nr="379" mi="4" ci="0" mb="0" cb="0"/><line nr="380" mi="6" ci="0" mb="0" cb="0"/><line nr="382" mi="10" ci="0" mb="2" cb="0"/><line nr="383" mi="8" ci="0" mb="0" cb="0"/><line nr="384" mi="10" ci="0" mb="0" cb="0"/><line nr="387" mi="4" ci="0" mb="0" cb="0"/><line nr="388" mi="3" ci="0" mb="2" cb="0"/><line nr="390" mi="8" ci="0" mb="0" cb="0"/><line nr="391" mi="6" ci="0" mb="0" cb="0"/><line nr="393" mi="10" ci="0" mb="0" cb="0"/><line nr="396" mi="3" ci="0" mb="0" cb="0"/><line nr="403" mi="4" ci="0" mb="0" cb="0"/><line nr="404" mi="8" ci="0" mb="4" cb="0"/><line nr="405" mi="2" ci="0" mb="0" cb="0"/><line nr="407" mi="5" ci="0" mb="0" cb="0"/><line nr="408" mi="2" ci="0" mb="2" cb="0"/><line nr="409" mi="11" ci="0" mb="2" cb="0"/><line nr="410" mi="5" ci="0" mb="0" cb="0"/><line nr="411" mi="6" ci="0" mb="4" cb="0"/><line nr="412" mi="4" ci="0" mb="0" cb="0"/><line nr="414" mi="1" ci="0" mb="0" cb="0"/><line nr="416" mi="2" ci="0" mb="0" cb="0"/><line nr="425" mi="0" ci="3" mb="0" cb="0"/><line nr="426" mi="0" ci="3" mb="0" cb="0"/><line nr="428" mi="0" ci="8" mb="0" cb="4"/><line nr="429" mi="0" ci="15" mb="0" cb="0"/><line nr="431" mi="0" ci="4" mb="0" cb="2"/><line nr="432" mi="0" ci="11" mb="0" cb="0"/><line nr="434" mi="0" ci="4" mb="0" cb="2"/><line nr="435" mi="0" ci="11" mb="0" cb="0"/><line nr="439" mi="0" ci="4" mb="0" cb="0"/><line nr="440" mi="0" ci="4" mb="0" cb="0"/><line nr="441" mi="0" ci="4" mb="0" cb="0"/><line nr="442" mi="0" ci="5" mb="0" cb="0"/><line nr="443" mi="0" ci="10" mb="0" cb="0"/><line nr="445" mi="0" ci="11" mb="0" cb="2"/><line nr="446" mi="0" ci="6" mb="0" cb="0"/><line nr="447" mi="0" ci="1" mb="0" cb="0"/><line nr="448" mi="0" ci="6" mb="0" cb="0"/><line nr="449" mi="0" ci="13" mb="0" cb="0"/><line nr="451" mi="0" ci="3" mb="0" cb="2"/><line nr="452" mi="0" ci="4" mb="0" cb="0"/><line nr="453" mi="0" ci="4" mb="0" cb="0"/><line nr="454" mi="0" ci="5" mb="0" cb="0"/><line nr="456" mi="1" ci="4" mb="1" cb="1"/><line nr="457" mi="0" ci="4" mb="0" cb="0"/><line nr="459" mi="0" ci="5" mb="0" cb="2"/><line nr="461" mi="0" ci="5" mb="0" cb="0"/><line nr="462" mi="1" ci="2" mb="1" cb="1"/><line nr="463" mi="0" ci="11" mb="0" cb="2"/><line nr="464" mi="0" ci="4" mb="0" cb="0"/><line nr="465" mi="0" ci="5" mb="0" cb="0"/><line nr="466" mi="0" ci="4" mb="0" cb="0"/><line nr="467" mi="0" ci="9" mb="0" cb="2"/><line nr="468" mi="0" ci="6" mb="0" cb="0"/><line nr="469" mi="0" ci="5" mb="0" cb="0"/><line nr="470" mi="0" ci="14" mb="0" cb="0"/><line nr="472" mi="0" ci="1" mb="0" cb="0"/><line nr="473" mi="0" ci="1" mb="0" cb="0"/><line nr="475" mi="0" ci="9" mb="0" cb="2"/><line nr="476" mi="0" ci="15" mb="0" cb="0"/><line nr="480" mi="0" ci="4" mb="0" cb="0"/><line nr="481" mi="0" ci="2" mb="0" cb="0"/><line nr="482" mi="0" ci="2" mb="0" cb="2"/><line nr="483" mi="0" ci="4" mb="0" cb="0"/><line nr="484" mi="0" ci="6" mb="0" cb="0"/><line nr="486" mi="0" ci="2" mb="0" cb="0"/><line nr="488" mi="0" ci="6" mb="0" cb="0"/><line nr="489" mi="0" ci="4" mb="0" cb="0"/><line nr="492" mi="0" ci="2" mb="1" cb="1"/><line nr="493" mi="0" ci="2" mb="0" cb="0"/><line nr="495" mi="0" ci="15" mb="0" cb="0"/><line nr="503" mi="0" ci="5" mb="0" cb="0"/><line nr="504" mi="0" ci="4" mb="0" cb="0"/><line nr="505" mi="0" ci="10" mb="0" cb="2"/><line nr="506" mi="0" ci="21" mb="0" cb="0"/><line nr="509" mi="0" ci="4" mb="0" cb="0"/><line nr="510" mi="0" ci="4" mb="0" cb="0"/><line nr="511" mi="0" ci="4" mb="0" cb="0"/><line nr="512" mi="0" ci="4" mb="0" cb="0"/><line nr="513" mi="0" ci="4" mb="0" cb="0"/><line nr="514" mi="0" ci="4" mb="0" cb="0"/><line nr="515" mi="0" ci="4" mb="0" cb="0"/><line nr="516" mi="0" ci="4" mb="0" cb="0"/><line nr="517" mi="0" ci="4" mb="0" cb="0"/><line nr="518" mi="0" ci="4" mb="0" cb="0"/><line nr="521" mi="0" ci="10" mb="0" cb="2"/><line nr="522" mi="0" ci="11" mb="0" cb="0"/><line nr="523" mi="0" ci="1" mb="0" cb="0"/><line nr="525" mi="0" ci="11" mb="0" cb="2"/><line nr="526" mi="0" ci="4" mb="0" cb="0"/><line nr="527" mi="0" ci="13" mb="0" cb="2"/><line nr="528" mi="0" ci="13" mb="0" cb="0"/><line nr="529" mi="0" ci="5" mb="0" cb="0"/><line nr="530" mi="0" ci="4" mb="0" cb="2"/><line nr="531" mi="0" ci="15" mb="0" cb="0"/><line nr="532" mi="0" ci="7" mb="0" cb="0"/><line nr="534" mi="0" ci="9" mb="0" cb="0"/><line nr="535" mi="0" ci="14" mb="0" cb="0"/><line nr="536" mi="0" ci="12" mb="0" cb="0"/><line nr="538" mi="0" ci="1" mb="0" cb="0"/><line nr="539" mi="0" ci="1" mb="0" cb="0"/><line nr="540" mi="0" ci="4" mb="0" cb="0"/><line nr="542" mi="0" ci="2" mb="0" cb="0"/><line nr="543" mi="0" ci="2" mb="0" cb="0"/><line nr="544" mi="0" ci="8" mb="0" cb="0"/><line nr="545" mi="0" ci="4" mb="0" cb="0"/><line nr="546" mi="0" ci="2" mb="0" cb="0"/><line nr="547" mi="0" ci="10" mb="0" cb="0"/><line nr="549" mi="0" ci="3" mb="0" cb="0"/><line nr="550" mi="1" ci="0" mb="0" cb="0"/><line nr="551" mi="11" ci="0" mb="0" cb="0"/><line nr="552" mi="0" ci="1" mb="0" cb="0"/><line nr="553" mi="0" ci="1" mb="0" cb="0"/><line nr="561" mi="3" ci="0" mb="0" cb="0"/><line nr="562" mi="4" ci="0" mb="2" cb="0"/><line nr="563" mi="2" ci="0" mb="0" cb="0"/><line nr="566" mi="2" ci="0" mb="0" cb="0"/><line nr="567" mi="3" ci="0" mb="0" cb="0"/><line nr="568" mi="2" ci="0" mb="0" cb="0"/><line nr="569" mi="2" ci="0" mb="0" cb="0"/><line nr="572" mi="4" ci="0" mb="0" cb="0"/><line nr="573" mi="11" ci="0" mb="2" cb="0"/><line nr="574" mi="9" ci="0" mb="0" cb="0"/><line nr="575" mi="1" ci="0" mb="0" cb="0"/><line nr="578" mi="4" ci="0" mb="0" cb="0"/><line nr="579" mi="4" ci="0" mb="0" cb="0"/><line nr="580" mi="11" ci="0" mb="2" cb="0"/><line nr="581" mi="5" ci="0" mb="0" cb="0"/><line nr="582" mi="7" ci="0" mb="0" cb="0"/><line nr="583" mi="2" ci="0" mb="2" cb="0"/><line nr="584" mi="5" ci="0" mb="0" cb="0"/><line nr="586" mi="1" ci="0" mb="0" cb="0"/><line nr="589" mi="4" ci="0" mb="0" cb="0"/><line nr="590" mi="11" ci="0" mb="2" cb="0"/><line nr="591" mi="7" ci="0" mb="0" cb="0"/><line nr="592" mi="1" ci="0" mb="0" cb="0"/><line nr="593" mi="11" ci="0" mb="2" cb="0"/><line nr="594" mi="4" ci="0" mb="0" cb="0"/><line nr="595" mi="13" ci="0" mb="2" cb="0"/><line nr="596" mi="7" ci="0" mb="0" cb="0"/><line nr="597" mi="1" ci="0" mb="0" cb="0"/><line nr="598" mi="1" ci="0" mb="0" cb="0"/><line nr="601" mi="7" ci="0" mb="2" cb="0"/><line nr="602" mi="4" ci="0" mb="0" cb="0"/><line nr="605" mi="2" ci="0" mb="0" cb="0"/><line nr="606" mi="10" ci="0" mb="2" cb="0"/><line nr="607" mi="8" ci="0" mb="0" cb="0"/><line nr="608" mi="1" ci="0" mb="0" cb="0"/><line nr="610" mi="2" ci="0" mb="0" cb="0"/><line nr="611" mi="11" ci="0" mb="2" cb="0"/><line nr="612" mi="2" ci="0" mb="0" cb="0"/><line nr="613" mi="13" ci="0" mb="2" cb="0"/><line nr="614" mi="15" ci="0" mb="0" cb="0"/><line nr="615" mi="1" ci="0" mb="0" cb="0"/><line nr="617" mi="16" ci="0" mb="0" cb="0"/><line nr="618" mi="6" ci="0" mb="0" cb="0"/><line nr="619" mi="11" ci="0" mb="0" cb="0"/><line nr="620" mi="1" ci="0" mb="0" cb="0"/><line nr="622" mi="2" ci="0" mb="0" cb="0"/><line nr="623" mi="4" ci="0" mb="2" cb="0"/><line nr="624" mi="1" ci="0" mb="0" cb="0"/><line nr="628" mi="5" ci="0" mb="0" cb="0"/><line nr="637" mi="0" ci="2" mb="0" cb="0"/><line nr="638" mi="0" ci="4" mb="0" cb="0"/><line nr="639" mi="0" ci="4" mb="0" cb="0"/><line nr="640" mi="0" ci="2" mb="0" cb="0"/><line nr="641" mi="0" ci="3" mb="0" cb="0"/><line nr="647" mi="3" ci="0" mb="2" cb="0"/><line nr="648" mi="2" ci="0" mb="0" cb="0"/><line nr="649" mi="2" ci="0" mb="0" cb="0"/><line nr="650" mi="2" ci="0" mb="0" cb="0"/><line nr="652" mi="6" ci="0" mb="0" cb="0"/><line nr="653" mi="8" ci="0" mb="0" cb="0"/><line nr="654" mi="2" ci="0" mb="0" cb="0"/><line nr="655" mi="2" ci="0" mb="0" cb="0"/><line nr="656" mi="2" ci="0" mb="0" cb="0"/><line nr="657" mi="2" ci="0" mb="0" cb="0"/><line nr="658" mi="4" ci="0" mb="0" cb="0"/><line nr="659" mi="2" ci="0" mb="0" cb="0"/><line nr="667" mi="6" ci="0" mb="4" cb="0"/><line nr="669" mi="5" ci="0" mb="0" cb="0"/><line nr="670" mi="5" ci="0" mb="4" cb="0"/><line nr="671" mi="2" ci="0" mb="0" cb="0"/><line nr="672" mi="11" ci="0" mb="0" cb="0"/><line nr="673" mi="2" ci="0" mb="0" cb="0"/><line nr="676" mi="6" ci="0" mb="0" cb="0"/><line nr="677" mi="8" ci="0" mb="0" cb="0"/><line nr="678" mi="11" ci="0" mb="0" cb="0"/><line nr="680" mi="4" ci="0" mb="2" cb="0"/><line nr="681" mi="4" ci="0" mb="0" cb="0"/><line nr="682" mi="2" ci="0" mb="0" cb="0"/><line nr="683" mi="11" ci="0" mb="0" cb="0"/><line nr="684" mi="2" ci="0" mb="0" cb="0"/><line nr="687" mi="4" ci="0" mb="0" cb="0"/><line nr="688" mi="4" ci="0" mb="0" cb="0"/><line nr="689" mi="2" ci="0" mb="0" cb="0"/><line nr="690" mi="2" ci="0" mb="0" cb="0"/><line nr="699" mi="3" ci="0" mb="2" cb="0"/><line nr="700" mi="2" ci="0" mb="0" cb="0"/><line nr="703" mi="3" ci="0" mb="2" cb="0"/><line nr="704" mi="2" ci="0" mb="0" cb="0"/><line nr="705" mi="2" ci="0" mb="2" cb="0"/><line nr="706" mi="3" ci="0" mb="0" cb="0"/><line nr="709" mi="4" ci="0" mb="0" cb="0"/><line nr="711" mi="8" ci="0" mb="0" cb="0"/><line nr="712" mi="3" ci="0" mb="0" cb="0"/><line nr="713" mi="2" ci="0" mb="0" cb="0"/><line nr="714" mi="1" ci="0" mb="0" cb="0"/><line nr="716" mi="1" ci="0" mb="0" cb="0"/><line nr="717" mi="2" ci="0" mb="0" cb="0"/><line nr="720" mi="2" ci="0" mb="0" cb="0"/><line nr="721" mi="2" ci="0" mb="0" cb="0"/><line nr="723" mi="0" ci="2" mb="0" cb="0"/><line nr="724" mi="0" ci="1" mb="0" cb="0"/><counter type="INSTRUCTION" missed="1452" covered="867"/><counter type="BRANCH" missed="145" covered="65"/><counter type="LINE" missed="296" covered="147"/><counter type="COMPLEXITY" missed="95" covered="34"/><counter type="METHOD" missed="14" covered="7"/><counter type="CLASS" missed="0" covered="1"/></sourcefile><counter type="INSTRUCTION" missed="1452" covered="867"/><counter type="BRANCH" missed="145" covered="65"/><counter type="LINE" missed="296" covered="147"/><counter type="COMPLEXITY" missed="95" covered="34"/><counter type="METHOD" missed="14" covered="7"/><counter type="CLASS" missed="0" covered="1"/></package><counter type="INSTRUCTION" missed="1452" covered="867"/><counter type="BRANCH" missed="145" covered="65"/><counter type="LINE" missed="296" covered="147"/><counter type="COMPLEXITY" missed="95" covered="34"/><counter type="METHOD" missed="14" covered="7"/><counter type="CLASS" missed="0" covered="1"/></report>